client-leger/ChatPrototype/app/build/intermediates/manifest_merge_blame_file/debug/manifest-merger-blame-debug-report.txt
1<?xml version="1.0" encoding="utf-8"?>
2<manifest xmlns:android="http://schemas.android.com/apk/res/android"
3    package="com.example.chatprototype"
4    android:versionCode="1"
5    android:versionName="1.0" >
6
7    <uses-sdk
8        android:minSdkVersion="16"
8-->src\main\AndroidManifest.xml
9        android:targetSdkVersion="30" />
9-->src\main\AndroidManifest.xml
10
11    <uses-permission android:name="android.permission.INTERNET" />
11-->src\main\AndroidManifest.xml:5:5-67
11-->src\main\AndroidManifest.xml:5:22-64
12
13    <application
13-->src\main\AndroidManifest.xml:7:5-30:19
14        android:name="androidx.multidex.MultiDexApplication"
15        android:allowBackup="true"
15-->src\main\AndroidManifest.xml:8:9-35
16        android:appComponentFactory="androidx.core.app.CoreComponentFactory"
16-->[androidx.core:core:1.3.2] AndroidManifest.xml:24:18-86
17        android:debuggable="true"
18        android:icon="@mipmap/ic_launcher"
18-->src\main\AndroidManifest.xml:9:9-43
19        android:label="@string/app_name"
19-->src\main\AndroidManifest.xml:10:9-41
20        android:roundIcon="@mipmap/ic_launcher_round"
20-->src\main\AndroidManifest.xml:11:9-54
21        android:supportsRtl="true"
21-->src\main\AndroidManifest.xml:12:9-35
22        android:theme="@style/Theme.ChatPrototype"
22-->src\main\AndroidManifest.xml:13:9-51
23        android:usesCleartextTraffic="true" >
23-->src\main\AndroidManifest.xml:14:9-44
24        <activity android:name="com.example.chatprototype.DrawingActivity" />
24-->src\main\AndroidManifest.xml:15:9-62
24-->src\main\AndroidManifest.xml:15:19-50
25        <activity android:name="com.example.chatprototype.LoginActivity" >
25-->src\main\AndroidManifest.xml:16:9-22:20
25-->src\main\AndroidManifest.xml:16:19-48
26            <intent-filter>
26-->src\main\AndroidManifest.xml:17:13-21:29
27                <action android:name="android.intent.action.MAIN" />
27-->src\main\AndroidManifest.xml:18:17-69
27-->src\main\AndroidManifest.xml:18:25-66
28
29                <category android:name="android.intent.category.LAUNCHER" />
29-->src\main\AndroidManifest.xml:20:17-77
29-->src\main\AndroidManifest.xml:20:27-74
30            </intent-filter>
31        </activity>
32        <activity android:name="com.example.chatprototype.MainActivity" >
32-->src\main\AndroidManifest.xml:23:9-29:20
32-->src\main\AndroidManifest.xml:23:19-47
33            <intent-filter>
33-->src\main\AndroidManifest.xml:17:13-21:29
34                <action android:name="android.intent.action.MAIN" />
34-->src\main\AndroidManifest.xml:18:17-69
34-->src\main\AndroidManifest.xml:18:25-66
35
36                <category android:name="android.intent.category.LAUNCHER" />
36-->src\main\AndroidManifest.xml:20:17-77
36-->src\main\AndroidManifest.xml:20:27-74
37            </intent-filter>
38        </activity>
39    </application>
40
41</manifest>